# JRE version: OpenJDK Runtime Environment Temurin-17.0.3+7 (17.0.3+7) (build 17.0.3+7)
# Java VM: OpenJDK 64-Bit Server VM Temurin-17.0.3+7 (17.0.3+7, mixed mode, emulated-client, tiered, compressed oops, compressed class ptrs, g1 gc, windows-amd64)
GC Precious Log:
 CPUs: 4 total, 4 available
 Memory: 8073M
 Large Page Support: Disabled
 NUMA Support: Disabled
 Compressed Oops: Enabled (32-bit)
 Heap Region Size: 1M
 Heap Min Capacity: 8M
 Heap Initial Capacity: 128M
 Heap Max Capacity: 2020M
 Pre-touch: Disabled
 Parallel Workers: 4
 Concurrent Workers: 1
 Concurrent Refinement Workers: 4
 Periodic GC: Disabled
Heap:
 garbage-first heap   total 65536K, used 47173K [0x0000000081c00000, 0x0000000100000000)
  region size 1024K, 36 young (36864K), 5 survivors (5120K)
 Metaspace       used 45905K, committed 46272K, reserved 1089536K
  class space    used 5927K, committed 6080K, reserved 1048576K
GC Heap History (20 events):
Event: 3.129 GC heap before
{Heap before GC invocations=0 (full 0):
 garbage-first heap   total 131072K, used 13312K [0x0000000081c00000, 0x0000000100000000)
  region size 1024K, 13 young (13312K), 0 survivors (0K)
 Metaspace       used 13170K, committed 13312K, reserved 1064960K
  class space    used 1356K, committed 1408K, reserved 1048576K
}
Event: 3.148 GC heap after
{Heap after GC invocations=1 (full 0):
 garbage-first heap   total 131072K, used 6165K [0x0000000081c00000, 0x0000000100000000)
  region size 1024K, 2 young (2048K), 2 survivors (2048K)
 Metaspace       used 13170K, committed 13312K, reserved 1064960K
  class space    used 1356K, committed 1408K, reserved 1048576K
}
Event: 4.024 GC heap before
{Heap before GC invocations=1 (full 0):
 garbage-first heap   total 131072K, used 15381K [0x0000000081c00000, 0x0000000100000000)
  region size 1024K, 11 young (11264K), 2 survivors (2048K)
 Metaspace       used 15883K, committed 16128K, reserved 1064960K
  class space    used 1708K, committed 1856K, reserved 1048576K
}
Event: 4.034 GC heap after
{Heap after GC invocations=2 (full 0):
 garbage-first heap   total 131072K, used 7549K [0x0000000081c00000, 0x0000000100000000)
  region size 1024K, 2 young (2048K), 2 survivors (2048K)
 Metaspace       used 15883K, committed 16128K, reserved 1064960K
  class space    used 1708K, committed 1856K, reserved 1048576K
}
Event: 4.776 GC heap before
{Heap before GC invocations=2 (full 0):
 garbage-first heap   total 131072K, used 28029K [0x0000000081c00000, 0x0000000100000000)
  region size 1024K, 23 young (23552K), 2 survivors (2048K)
 Metaspace       used 21244K, committed 21504K, reserved 1073152K
  class space    used 2442K, committed 2560K, reserved 1048576K
}
Event: 4.784 GC heap after
{Heap after GC invocations=3 (full 0):
 garbage-first heap   total 131072K, used 9141K [0x0000000081c00000, 0x0000000100000000)
  region size 1024K, 3 young (3072K), 3 survivors (3072K)
 Metaspace       used 21244K, committed 21504K, reserved 1073152K
  class space    used 2442K, committed 2560K, reserved 1048576K
}
Event: 4.785 GC heap before
{Heap before GC invocations=3 (full 0):
 garbage-first heap   total 131072K, used 9141K [0x0000000081c00000, 0x0000000100000000)
  region size 1024K, 4 young (4096K), 3 survivors (3072K)
 Metaspace       used 21266K, committed 21504K, reserved 1073152K
  class space    used 2443K, committed 2560K, reserved 1048576K
}
Event: 4.792 GC heap after
{Heap after GC invocations=4 (full 0):
 garbage-first heap   total 131072K, used 9318K [0x0000000081c00000, 0x0000000100000000)
  region size 1024K, 3 young (3072K), 3 survivors (3072K)
 Metaspace       used 21266K, committed 21504K, reserved 1073152K
  class space    used 2443K, committed 2560K, reserved 1048576K
}
Event: 5.290 GC heap before
{Heap before GC invocations=5 (full 0):
 garbage-first heap   total 40960K, used 29798K [0x0000000081c00000, 0x0000000100000000)
  region size 1024K, 24 young (24576K), 3 survivors (3072K)
 Metaspace       used 25790K, committed 26048K, reserved 1073152K
  class space    used 3051K, committed 3200K, reserved 1048576K
}
Event: 5.308 GC heap after
{Heap after GC invocations=6 (full 0):
 garbage-first heap   total 40960K, used 10342K [0x0000000081c00000, 0x0000000100000000)
  region size 1024K, 4 young (4096K), 4 survivors (4096K)
 Metaspace       used 25790K, committed 26048K, reserved 1073152K
  class space    used 3051K, committed 3200K, reserved 1048576K
}
Event: 5.333 GC heap before
{Heap before GC invocations=6 (full 0):
 garbage-first heap   total 40960K, used 10342K [0x0000000081c00000, 0x0000000100000000)
  region size 1024K, 5 young (5120K), 4 survivors (4096K)
 Metaspace       used 25889K, committed 26176K, reserved 1073152K
  class space    used 3069K, committed 3200K, reserved 1048576K
}
Event: 5.350 GC heap after
{Heap after GC invocations=7 (full 0):
 garbage-first heap   total 40960K, used 10722K [0x0000000081c00000, 0x0000000100000000)
  region size 1024K, 1 young (1024K), 1 survivors (1024K)
 Metaspace       used 25889K, committed 26176K, reserved 1073152K
  class space    used 3069K, committed 3200K, reserved 1048576K
}
Event: 7.001 GC heap before
{Heap before GC invocations=7 (full 0):
 garbage-first heap   total 40960K, used 27106K [0x0000000081c00000, 0x0000000100000000)
  region size 1024K, 18 young (18432K), 1 survivors (1024K)
 Metaspace       used 27471K, committed 27712K, reserved 1073152K
  class space    used 3285K, committed 3392K, reserved 1048576K
}
Event: 7.010 GC heap after
{Heap after GC invocations=8 (full 0):
 garbage-first heap   total 40960K, used 11603K [0x0000000081c00000, 0x0000000100000000)
  region size 1024K, 2 young (2048K), 2 survivors (2048K)
 Metaspace       used 27471K, committed 27712K, reserved 1073152K
  class space    used 3285K, committed 3392K, reserved 1048576K
}
Event: 8.019 GC heap before
{Heap before GC invocations=8 (full 0):
 garbage-first heap   total 40960K, used 29011K [0x0000000081c00000, 0x0000000100000000)
  region size 1024K, 19 young (19456K), 2 survivors (2048K)
 Metaspace       used 30342K, committed 30592K, reserved 1081344K
  class space    used 3710K, committed 3840K, reserved 1048576K
}
Event: 8.036 GC heap after
{Heap after GC invocations=9 (full 0):
 garbage-first heap   total 40960K, used 12856K [0x0000000081c00000, 0x0000000100000000)
  region size 1024K, 3 young (3072K), 3 survivors (3072K)
 Metaspace       used 30342K, committed 30592K, reserved 1081344K
  class space    used 3710K, committed 3840K, reserved 1048576K
}
Event: 8.969 GC heap before
{Heap before GC invocations=9 (full 0):
 garbage-first heap   total 40960K, used 30264K [0x0000000081c00000, 0x0000000100000000)
  region size 1024K, 20 young (20480K), 3 survivors (3072K)
 Metaspace       used 33179K, committed 33600K, reserved 1081344K
  class space    used 4168K, committed 4352K, reserved 1048576K
}
Event: 9.005 GC heap after
{Heap after GC invocations=10 (full 0):
 garbage-first heap   total 81920K, used 14707K [0x0000000081c00000, 0x0000000100000000)
  region size 1024K, 3 young (3072K), 3 survivors (3072K)
 Metaspace       used 33179K, committed 33600K, reserved 1081344K
  class space    used 4168K, committed 4352K, reserved 1048576K
}
Event: 10.038 GC heap before
{Heap before GC invocations=10 (full 0):
 garbage-first heap   total 81920K, used 34163K [0x0000000081c00000, 0x0000000100000000)
  region size 1024K, 23 young (23552K), 3 survivors (3072K)
 Metaspace       used 35927K, committed 36288K, reserved 1081344K
  class space    used 4494K, committed 4672K, reserved 1048576K
}
Event: 10.060 GC heap after
{Heap after GC invocations=11 (full 0):
 garbage-first heap   total 81920K, used 16453K [0x0000000081c00000, 0x0000000100000000)
  region size 1024K, 5 young (5120K), 5 survivors (5120K)
 Metaspace       used 35927K, committed 36288K, reserved 1081344K
  class space    used 4494K, committed 4672K, reserved 1048576K
}

